1551275521381	geckodriver	INFO	geckodriver 0.18.0
1551275521385	geckodriver	INFO	Listening on 127.0.0.1:48713
1551275522513	geckodriver::marionette	INFO	Starting browser /usr/bin/firefox with args ["-marionette"]
1551275522991	addons.webextension.screenshots@mozilla.org	WARN	Loading extension 'screenshots@mozilla.org': Reading manifest: Invalid host permission: resource://pdf.js/
1551275522991	addons.webextension.screenshots@mozilla.org	WARN	Loading extension 'screenshots@mozilla.org': Reading manifest: Invalid host permission: about:reader*
1551275523173	Marionette	TRACE	Received observer notification profile-after-change
1551275523265	Marionette	TRACE	Received observer notification command-line-startup
1551275523265	Marionette	TRACE	Received observer notification nsPref:changed
1551275523265	Marionette	DEBUG	Init aborted (running=false, enabled=true, finalUIStartup=false)

(firefox:9933): Gtk-WARNING **: 16:52:03.306: Theme parsing error: <data>:1:31: Expected ')' in color definition

(firefox:9933): Gtk-WARNING **: 16:52:03.306: Theme parsing error: <data>:1:75: Expected ')' in color definition
1551275523458	Marionette	TRACE	Received observer notification toplevel-window-ready
1551275524368	Marionette	TRACE	Received observer notification sessionstore-windows-restored
1551275524369	Marionette	TRACE	Waiting until startup recorder finished recording startup scripts...
1551275524785	Marionette	TRACE	All scripts recorded.
1551275524785	Marionette	DEBUG	Setting recommended pref app.normandy.api_url to 
1551275524786	Marionette	DEBUG	Setting recommended pref app.update.disabledForTesting to true
1551275524786	Marionette	DEBUG	Setting recommended pref browser.contentblocking.introCount to 99
1551275524787	Marionette	DEBUG	Setting recommended pref browser.safebrowsing.passwords.enabled to false
1551275524787	Marionette	DEBUG	Setting recommended pref browser.urlbar.suggest.searches to false
1551275524788	Marionette	DEBUG	Setting recommended pref datareporting.policy.dataSubmissionPolicyAccepted to false
1551275524788	Marionette	DEBUG	Setting recommended pref dom.disable_beforeunload to true
1551275524788	Marionette	DEBUG	Setting recommended pref dom.file.createInChild to true
1551275524789	Marionette	DEBUG	Setting recommended pref toolkit.cosmeticAnimations.enabled to false
1551275524857	Marionette	INFO	Listening on port 39395
1551275524857	Marionette	DEBUG	Remote service is active
1551275524922	Marionette	DEBUG	Accepted connection 0 from 127.0.0.1:58672
1551275524925	Marionette	DEBUG	0 -> [0,1,"newSession",{"acceptInsecureCerts":true,"browserName":"firefox","capabilities":{"desiredCapabilities":{"acceptInsecureCerts":true,"browserName":"firefox"}}}]
1551275524925	Marionette	DEBUG	0 <- [1,1,{"error":"unknown command","message":"newSession","stacktrace":"WebDriverError@chrome://marionette/content/error.js:179: ... et@chrome://marionette/content/server.js:236:8\n_onJSONObjectReady/<@chrome://marionette/content/transport.js:490:9\n"},null]
1551275524937	Marionette	DEBUG	Closed connection 0
[Parent 9933, Gecko_IOThread] WARNING: pipe error (104): Connection reset by peer: file /build/firefox-nSunSF/firefox-65.0+build2/ipc/chromium/src/chrome/common/ipc_channel_posix.cc, line 349
[Parent 9933, Gecko_IOThread] WARNING: pipe error (76): Connection reset by peer: file /build/firefox-nSunSF/firefox-65.0+build2/ipc/chromium/src/chrome/common/ipc_channel_posix.cc, line 349
1551275542505	Marionette	TRACE	Received observer notification xpcom-will-shutdown
1551275542505	Marionette	DEBUG	Resetting recommended pref app.normandy.api_url
1551275542506	Marionette	DEBUG	Resetting recommended pref app.update.disabledForTesting
1551275542506	Marionette	DEBUG	Resetting recommended pref browser.contentblocking.introCount
1551275542506	Marionette	DEBUG	Resetting recommended pref browser.safebrowsing.passwords.enabled
1551275542506	Marionette	DEBUG	Resetting recommended pref browser.urlbar.suggest.searches
1551275542507	Marionette	DEBUG	Resetting recommended pref datareporting.policy.dataSubmissionPolicyAccepted
1551275542507	Marionette	DEBUG	Resetting recommended pref dom.disable_beforeunload
1551275542507	Marionette	DEBUG	Resetting recommended pref dom.file.createInChild
1551275542508	Marionette	DEBUG	Resetting recommended pref toolkit.cosmeticAnimations.enabled
1551275542509	Marionette	INFO	Stopped listening on port 39395
1551275542509	Marionette	DEBUG	Remote service is inactive
1551275618164	geckodriver	INFO	geckodriver 0.18.0
1551275618170	geckodriver	INFO	Listening on 127.0.0.1:40469
1551275619332	geckodriver::marionette	INFO	Starting browser /usr/bin/firefox with args ["-marionette"]
1551275619807	addons.webextension.screenshots@mozilla.org	WARN	Loading extension 'screenshots@mozilla.org': Reading manifest: Invalid host permission: resource://pdf.js/
1551275619807	addons.webextension.screenshots@mozilla.org	WARN	Loading extension 'screenshots@mozilla.org': Reading manifest: Invalid host permission: about:reader*
1551275619987	Marionette	TRACE	Received observer notification profile-after-change
1551275620075	Marionette	TRACE	Received observer notification command-line-startup
1551275620075	Marionette	TRACE	Received observer notification nsPref:changed
1551275620076	Marionette	DEBUG	Init aborted (running=false, enabled=true, finalUIStartup=false)

(firefox:10268): Gtk-WARNING **: 16:53:40.120: Theme parsing error: <data>:1:31: Expected ')' in color definition

(firefox:10268): Gtk-WARNING **: 16:53:40.120: Theme parsing error: <data>:1:75: Expected ')' in color definition
1551275620268	Marionette	TRACE	Received observer notification toplevel-window-ready
1551275621304	Marionette	TRACE	Received observer notification sessionstore-windows-restored
1551275621304	Marionette	TRACE	Waiting until startup recorder finished recording startup scripts...
1551275621471	Marionette	TRACE	All scripts recorded.
1551275621471	Marionette	DEBUG	Setting recommended pref app.normandy.api_url to 
1551275621472	Marionette	DEBUG	Setting recommended pref app.update.disabledForTesting to true
1551275621472	Marionette	DEBUG	Setting recommended pref browser.contentblocking.introCount to 99
1551275621473	Marionette	DEBUG	Setting recommended pref browser.safebrowsing.passwords.enabled to false
1551275621473	Marionette	DEBUG	Setting recommended pref browser.urlbar.suggest.searches to false
1551275621475	Marionette	DEBUG	Setting recommended pref datareporting.policy.dataSubmissionPolicyAccepted to false
1551275621475	Marionette	DEBUG	Setting recommended pref dom.disable_beforeunload to true
1551275621475	Marionette	DEBUG	Setting recommended pref dom.file.createInChild to true
1551275621476	Marionette	DEBUG	Setting recommended pref toolkit.cosmeticAnimations.enabled to false
1551275621548	Marionette	INFO	Listening on port 36471
1551275621548	Marionette	DEBUG	Remote service is active
1551275621640	Marionette	DEBUG	Accepted connection 0 from 127.0.0.1:36328
1551275621661	Marionette	DEBUG	0 -> [0,1,"newSession",{"acceptInsecureCerts":true,"browserName":"firefox","capabilities":{"desiredCapabilities":{"acceptInsecureCerts":true,"browserName":"firefox"}}}]
1551275621661	Marionette	DEBUG	0 <- [1,1,{"error":"unknown command","message":"newSession","stacktrace":"WebDriverError@chrome://marionette/content/error.js:179: ... et@chrome://marionette/content/server.js:236:8\n_onJSONObjectReady/<@chrome://marionette/content/transport.js:490:9\n"},null]
1551275621682	Marionette	DEBUG	Closed connection 0
1551275634463	Marionette	TRACE	Received observer notification xpcom-will-shutdown
1551275634464	Marionette	DEBUG	Resetting recommended pref app.normandy.api_url
1551275634464	Marionette	DEBUG	Resetting recommended pref app.update.disabledForTesting
1551275634464	Marionette	DEBUG	Resetting recommended pref browser.contentblocking.introCount
1551275634464	Marionette	DEBUG	Resetting recommended pref browser.safebrowsing.passwords.enabled
1551275634464	Marionette	DEBUG	Resetting recommended pref browser.urlbar.suggest.searches
1551275634465	Marionette	DEBUG	Resetting recommended pref datareporting.policy.dataSubmissionPolicyAccepted
1551275634466	Marionette	DEBUG	Resetting recommended pref dom.disable_beforeunload
1551275634467	Marionette	DEBUG	Resetting recommended pref dom.file.createInChild
1551275634468	Marionette	DEBUG	Resetting recommended pref toolkit.cosmeticAnimations.enabled
1551275634469	Marionette	INFO	Stopped listening on port 36471
1551275634469	Marionette	DEBUG	Remote service is inactive
1551275635193	geckodriver	INFO	geckodriver 0.18.0
1551275635197	geckodriver	INFO	Listening on 127.0.0.1:53087
1551275636358	geckodriver::marionette	INFO	Starting browser /usr/bin/firefox with args ["-marionette"]
1551275636882	addons.webextension.screenshots@mozilla.org	WARN	Loading extension 'screenshots@mozilla.org': Reading manifest: Invalid host permission: resource://pdf.js/
1551275636882	addons.webextension.screenshots@mozilla.org	WARN	Loading extension 'screenshots@mozilla.org': Reading manifest: Invalid host permission: about:reader*
1551275637060	Marionette	TRACE	Received observer notification profile-after-change
1551275637170	Marionette	TRACE	Received observer notification command-line-startup
1551275637170	Marionette	TRACE	Received observer notification nsPref:changed
1551275637170	Marionette	DEBUG	Init aborted (running=false, enabled=true, finalUIStartup=false)

(firefox:10555): Gtk-WARNING **: 16:53:57.222: Theme parsing error: <data>:1:31: Expected ')' in color definition

(firefox:10555): Gtk-WARNING **: 16:53:57.222: Theme parsing error: <data>:1:75: Expected ')' in color definition
1551275637384	Marionette	TRACE	Received observer notification toplevel-window-ready
1551275638569	Marionette	TRACE	Received observer notification sessionstore-windows-restored
1551275638569	Marionette	TRACE	Waiting until startup recorder finished recording startup scripts...
1551275638709	Marionette	TRACE	All scripts recorded.
1551275638710	Marionette	DEBUG	Setting recommended pref app.normandy.api_url to 
1551275638711	Marionette	DEBUG	Setting recommended pref app.update.disabledForTesting to true
1551275638711	Marionette	DEBUG	Setting recommended pref browser.contentblocking.introCount to 99
1551275638715	Marionette	DEBUG	Setting recommended pref browser.safebrowsing.passwords.enabled to false
1551275638716	Marionette	DEBUG	Setting recommended pref browser.urlbar.suggest.searches to false
1551275638720	Marionette	DEBUG	Setting recommended pref datareporting.policy.dataSubmissionPolicyAccepted to false
1551275638720	Marionette	DEBUG	Setting recommended pref dom.disable_beforeunload to true
1551275638720	Marionette	DEBUG	Setting recommended pref dom.file.createInChild to true
1551275638721	Marionette	DEBUG	Setting recommended pref toolkit.cosmeticAnimations.enabled to false
1551275638798	Marionette	INFO	Listening on port 35353
1551275638799	Marionette	DEBUG	Remote service is active
1551275638874	Marionette	DEBUG	Accepted connection 0 from 127.0.0.1:32868
1551275638890	Marionette	DEBUG	0 -> [0,1,"newSession",{"acceptInsecureCerts":true,"browserName":"firefox","capabilities":{"desiredCapabilities":{"acceptInsecureCerts":true,"browserName":"firefox"}}}]
1551275638891	Marionette	DEBUG	0 <- [1,1,{"error":"unknown command","message":"newSession","stacktrace":"WebDriverError@chrome://marionette/content/error.js:179: ... et@chrome://marionette/content/server.js:236:8\n_onJSONObjectReady/<@chrome://marionette/content/transport.js:490:9\n"},null]
1551275638919	Marionette	DEBUG	Closed connection 0
[Parent 10555, Gecko_IOThread] WARNING: pipe error (95): Connection reset by peer: file /build/firefox-nSunSF/firefox-65.0+build2/ipc/chromium/src/chrome/common/ipc_channel_posix.cc, line 349
[Parent 10555, Gecko_IOThread] WARNING: pipe error (76): Connection reset by peer: file /build/firefox-nSunSF/firefox-65.0+build2/ipc/chromium/src/chrome/common/ipc_channel_posix.cc, line 349
1551275715737	Marionette	TRACE	Received observer notification xpcom-will-shutdown
1551275715737	Marionette	DEBUG	Resetting recommended pref app.normandy.api_url
1551275715737	Marionette	DEBUG	Resetting recommended pref app.update.disabledForTesting
1551275715737	Marionette	DEBUG	Resetting recommended pref browser.contentblocking.introCount
1551275715737	Marionette	DEBUG	Resetting recommended pref browser.safebrowsing.passwords.enabled
1551275715738	Marionette	DEBUG	Resetting recommended pref browser.urlbar.suggest.searches
1551275715738	Marionette	DEBUG	Resetting recommended pref datareporting.policy.dataSubmissionPolicyAccepted
1551275715738	Marionette	DEBUG	Resetting recommended pref dom.disable_beforeunload
1551275715739	Marionette	DEBUG	Resetting recommended pref dom.file.createInChild
1551275715739	Marionette	DEBUG	Resetting recommended pref toolkit.cosmeticAnimations.enabled
1551275715740	Marionette	INFO	Stopped listening on port 35353
1551275715740	Marionette	DEBUG	Remote service is inactive
